This file contains any messages produced by compilers while
running configure, to aid debugging if configure makes a mistake.

It was created by HTSlib configure 1.7, which was
generated by GNU Autoconf 2.69.  Invocation command line was

  $ ./configure 

## --------- ##
## Platform. ##
## --------- ##

hostname = dhcp-58-8.scripps.edu
uname -m = x86_64
uname -r = 17.4.0
uname -s = Darwin
uname -v = Darwin Kernel Version 17.4.0: Sun Dec 17 09:19:54 PST 2017; root:xnu-4570.41.2~1/RELEASE_X86_64

/usr/bin/uname -p = i386
/bin/uname -X     = unknown

/bin/arch              = unknown
/usr/bin/arch -k       = unknown
/usr/convex/getsysinfo = unknown
/usr/bin/hostinfo      = Mach kernel version:
	 Darwin Kernel Version 17.4.0: Sun Dec 17 09:19:54 PST 2017; root:xnu-4570.41.2~1/RELEASE_X86_64
Kernel configured for up to 8 processors.
4 processors are physically available.
8 processors are logically available.
Processor type: x86_64h (Intel x86-64h Haswell)
Processors active: 0 1 2 3 4 5 6 7
Primary memory available: 16.00 gigabytes
Default processor set: 373 tasks, 1861 threads, 8 processors
Load average: 1.54, Mach factor: 6.45
/bin/machine           = unknown
/usr/bin/oslevel       = unknown
/bin/universe          = unknown

PATH: /Users/karthik/perl5/bin
PATH: /Users/karthik/miniconda3/bin
PATH: /Library/Frameworks/Python.framework/Versions/3.5/bin
PATH: /Users/karthik/miniconda2/bin
PATH: /opt/local/bin
PATH: /opt/local/sbin
PATH: /Users/karthik/perl5/bin
PATH: /usr/local/bin
PATH: /usr/bin
PATH: /bin
PATH: /usr/sbin
PATH: /sbin
PATH: /Library/TeX/texbin
PATH: /opt/X11/bin
PATH: /Applications/Emacs.app/Contents/MacOS/bin-x86_64-10_9
PATH: /Applications/Emacs.app/Contents/MacOS/libexec-x86_64-10_9
PATH: /Users/karthik/Tools/samtools-1.3
PATH: /Users/karthik/edirect
PATH: /usr/local/Cellar/bitlbee/3.5/sbin
PATH: /Users/karthik/Tools/samtools-1.3
PATH: /Users/karthik/edirect
PATH: /usr/local/Cellar/bitlbee/3.5/sbin


## ----------- ##
## Core tests. ##
## ----------- ##

configure:2168: checking for gcc
configure:2184: found /usr/bin/gcc
configure:2195: result: gcc
configure:2424: checking for C compiler version
configure:2433: gcc --version >&5
Apple LLVM version 9.0.0 (clang-900.0.39.2)
Target: x86_64-apple-darwin17.4.0
Thread model: posix
InstalledDir: /Library/Developer/CommandLineTools/usr/bin
Configured with: --prefix=/Library/Developer/CommandLineTools/usr --with-gxx-include-dir=/usr/include/c++/4.2.1
configure:2444: $? = 0
configure:2433: gcc -v >&5
Configured with: --prefix=/Library/Developer/CommandLineTools/usr --with-gxx-include-dir=/usr/include/c++/4.2.1
Apple LLVM version 9.0.0 (clang-900.0.39.2)
Target: x86_64-apple-darwin17.4.0
Thread model: posix
InstalledDir: /Library/Developer/CommandLineTools/usr/bin
configure:2444: $? = 0
configure:2433: gcc -V >&5
clang: error: argument to '-V' is missing (expected 1 value)
clang: error: no input files
configure:2444: $? = 1
configure:2433: gcc -qversion >&5
clang: error: unknown argument: '-qversion'
clang: error: no input files
configure:2444: $? = 1
configure:2464: checking whether the C compiler works
configure:2486: gcc    conftest.c  >&5
configure:2490: $? = 0
configure:2538: result: yes
configure:2541: checking for C compiler default output file name
configure:2543: result: a.out
configure:2549: checking for suffix of executables
configure:2556: gcc -o conftest    conftest.c  >&5
configure:2560: $? = 0
configure:2582: result: 
configure:2604: checking whether we are cross compiling
configure:2612: gcc -o conftest    conftest.c  >&5
configure:2616: $? = 0
configure:2623: ./conftest
configure:2627: $? = 0
configure:2642: result: no
configure:2647: checking for suffix of object files
configure:2669: gcc -c   conftest.c >&5
configure:2673: $? = 0
configure:2694: result: o
configure:2698: checking whether we are using the GNU C compiler
configure:2717: gcc -c   conftest.c >&5
configure:2717: $? = 0
configure:2726: result: yes
configure:2735: checking whether gcc accepts -g
configure:2755: gcc -c -g  conftest.c >&5
configure:2755: $? = 0
configure:2796: result: yes
configure:2813: checking for gcc option to accept ISO C89
configure:2876: gcc  -c -g -O2  conftest.c >&5
configure:2876: $? = 0
configure:2889: result: none needed
configure:2952: checking for ranlib
configure:2968: found /usr/bin/ranlib
configure:2979: result: ranlib
configure:3002: checking for grep that handles long lines and -e
configure:3060: result: /usr/bin/grep
configure:3085: checking for C compiler warning flags
configure:3198: result: -Wall
configure:3315: checking for special C compiler options needed for large files
configure:3360: result: no
configure:3366: checking for _FILE_OFFSET_BITS value needed for large files
configure:3391: gcc -c  -Wall -g -O2  conftest.c >&5
configure:3391: $? = 0
configure:3423: result: no
configure:3508: checking for _LARGEFILE_SOURCE value needed for large files
configure:3527: gcc -o conftest  -Wall -g -O2   conftest.c  >&5
configure:3527: $? = 0
configure:3555: result: no
configure:3638: checking shared library type for unknown-Darwin
configure:3666: result: Darwin dylib
configure:3675: checking how to run the C preprocessor
configure:3706: gcc -E  conftest.c
configure:3706: $? = 0
configure:3720: gcc -E  conftest.c
conftest.c:10:10: fatal error: 'ac_nonexistent.h' file not found
#include <ac_nonexistent.h>
         ^~~~~~~~~~~~~~~~~~
1 error generated.
configure:3720: $? = 1
configure: failed program was:
| /* confdefs.h */
| #define PACKAGE_NAME "HTSlib"
| #define PACKAGE_TARNAME "htslib"
| #define PACKAGE_VERSION "1.7"
| #define PACKAGE_STRING "HTSlib 1.7"
| #define PACKAGE_BUGREPORT "samtools-help@lists.sourceforge.net"
| #define PACKAGE_URL "http://www.htslib.org/"
| #define HAVE_FSEEKO 1
| /* end confdefs.h.  */
| #include <ac_nonexistent.h>
configure:3745: result: gcc -E
configure:3765: gcc -E  conftest.c
configure:3765: $? = 0
configure:3779: gcc -E  conftest.c
conftest.c:10:10: fatal error: 'ac_nonexistent.h' file not found
#include <ac_nonexistent.h>
         ^~~~~~~~~~~~~~~~~~
1 error generated.
configure:3779: $? = 1
configure: failed program was:
| /* confdefs.h */
| #define PACKAGE_NAME "HTSlib"
| #define PACKAGE_TARNAME "htslib"
| #define PACKAGE_VERSION "1.7"
| #define PACKAGE_STRING "HTSlib 1.7"
| #define PACKAGE_BUGREPORT "samtools-help@lists.sourceforge.net"
| #define PACKAGE_URL "http://www.htslib.org/"
| #define HAVE_FSEEKO 1
| /* end confdefs.h.  */
| #include <ac_nonexistent.h>
configure:3808: checking for egrep
configure:3870: result: /usr/bin/grep -E
configure:3875: checking for ANSI C header files
configure:3895: gcc -c  -Wall -g -O2  conftest.c >&5
configure:3895: $? = 0
configure:3968: gcc -o conftest  -Wall -g -O2   conftest.c  >&5
configure:3968: $? = 0
configure:3968: ./conftest
configure:3968: $? = 0
configure:3979: result: yes
configure:3992: checking for sys/types.h
configure:3992: gcc -c  -Wall -g -O2  conftest.c >&5
configure:3992: $? = 0
configure:3992: result: yes
configure:3992: checking for sys/stat.h
configure:3992: gcc -c  -Wall -g -O2  conftest.c >&5
configure:3992: $? = 0
configure:3992: result: yes
configure:3992: checking for stdlib.h
configure:3992: gcc -c  -Wall -g -O2  conftest.c >&5
configure:3992: $? = 0
configure:3992: result: yes
configure:3992: checking for string.h
configure:3992: gcc -c  -Wall -g -O2  conftest.c >&5
configure:3992: $? = 0
configure:3992: result: yes
configure:3992: checking for memory.h
configure:3992: gcc -c  -Wall -g -O2  conftest.c >&5
configure:3992: $? = 0
configure:3992: result: yes
configure:3992: checking for strings.h
configure:3992: gcc -c  -Wall -g -O2  conftest.c >&5
configure:3992: $? = 0
configure:3992: result: yes
configure:3992: checking for inttypes.h
configure:3992: gcc -c  -Wall -g -O2  conftest.c >&5
configure:3992: $? = 0
configure:3992: result: yes
configure:3992: checking for stdint.h
configure:3992: gcc -c  -Wall -g -O2  conftest.c >&5
configure:3992: $? = 0
configure:3992: result: yes
configure:3992: checking for unistd.h
configure:3992: gcc -c  -Wall -g -O2  conftest.c >&5
configure:3992: $? = 0
configure:3992: result: yes
configure:4010: checking for stdlib.h
configure:4010: result: yes
configure:4010: checking for unistd.h
configure:4010: result: yes
configure:4010: checking for sys/param.h
configure:4010: gcc -c  -Wall -g -O2  conftest.c >&5
configure:4010: $? = 0
configure:4010: result: yes
configure:4030: checking for getpagesize
configure:4030: gcc -o conftest  -Wall -g -O2   conftest.c  >&5
configure:4030: $? = 0
configure:4030: result: yes
configure:4039: checking for working mmap
configure:4186: gcc -o conftest  -Wall -g -O2   conftest.c  >&5
configure:4186: $? = 0
configure:4186: ./conftest
configure:4186: $? = 0
configure:4196: result: yes
configure:4208: checking for gmtime_r
configure:4208: gcc -o conftest  -Wall -g -O2   conftest.c  >&5
configure:4208: $? = 0
configure:4208: result: yes
configure:4208: checking for fsync
configure:4208: gcc -o conftest  -Wall -g -O2   conftest.c  >&5
configure:4208: $? = 0
configure:4208: result: yes
configure:4208: checking for drand48
configure:4208: gcc -o conftest  -Wall -g -O2   conftest.c  >&5
configure:4208: $? = 0
configure:4208: result: yes
configure:4220: checking whether fdatasync is declared
configure:4220: gcc -c  -Wall -g -O2  conftest.c >&5
conftest.c:68:10: error: use of undeclared identifier 'fdatasync'
  (void) fdatasync;
         ^
1 error generated.
configure:4220: $? = 1
configure: failed program was:
| /* confdefs.h */
| #define PACKAGE_NAME "HTSlib"
| #define PACKAGE_TARNAME "htslib"
| #define PACKAGE_VERSION "1.7"
| #define PACKAGE_STRING "HTSlib 1.7"
| #define PACKAGE_BUGREPORT "samtools-help@lists.sourceforge.net"
| #define PACKAGE_URL "http://www.htslib.org/"
| #define HAVE_FSEEKO 1
| #define STDC_HEADERS 1
| #define HAVE_SYS_TYPES_H 1
| #define HAVE_SYS_STAT_H 1
| #define HAVE_STDLIB_H 1
| #define HAVE_STRING_H 1
| #define HAVE_MEMORY_H 1
| #define HAVE_STRINGS_H 1
| #define HAVE_INTTYPES_H 1
| #define HAVE_STDINT_H 1
| #define HAVE_UNISTD_H 1
| #define HAVE_STDLIB_H 1
| #define HAVE_UNISTD_H 1
| #define HAVE_SYS_PARAM_H 1
| #define HAVE_GETPAGESIZE 1
| #define HAVE_MMAP 1
| #define HAVE_GMTIME_R 1
| #define HAVE_FSYNC 1
| #define HAVE_DRAND48 1
| /* end confdefs.h.  */
| #include <stdio.h>
| #ifdef HAVE_SYS_TYPES_H
| # include <sys/types.h>
| #endif
| #ifdef HAVE_SYS_STAT_H
| # include <sys/stat.h>
| #endif
| #ifdef STDC_HEADERS
| # include <stdlib.h>
| # include <stddef.h>
| #else
| # ifdef HAVE_STDLIB_H
| #  include <stdlib.h>
| # endif
| #endif
| #ifdef HAVE_STRING_H
| # if !defined STDC_HEADERS && defined HAVE_MEMORY_H
| #  include <memory.h>
| # endif
| # include <string.h>
| #endif
| #ifdef HAVE_STRINGS_H
| # include <strings.h>
| #endif
| #ifdef HAVE_INTTYPES_H
| # include <inttypes.h>
| #endif
| #ifdef HAVE_STDINT_H
| # include <stdint.h>
| #endif
| #ifdef HAVE_UNISTD_H
| # include <unistd.h>
| #endif
| int
| main ()
| {
| #ifndef fdatasync
| #ifdef __cplusplus
|   (void) fdatasync((int) 0);
| #else
|   (void) fdatasync;
| #endif
| #endif
| 
|   ;
|   return 0;
| }
configure:4220: result: no
configure:4315: checking for library containing log
configure:4346: gcc -o conftest  -Wall -g -O2   conftest.c  >&5
conftest.c:35:6: warning: incompatible redeclaration of library function 'log' [-Wincompatible-library-redeclaration]
char log ();
     ^
conftest.c:35:6: note: 'log' is a builtin with type 'double (double)'
1 warning generated.
configure:4346: $? = 0
configure:4363: result: none required
configure:4378: checking for zlib.h
configure:4378: gcc -c  -Wall -g -O2  conftest.c >&5
configure:4378: $? = 0
configure:4378: result: yes
configure:4387: checking for inflate in -lz
configure:4412: gcc -o conftest  -Wall -g -O2   conftest.c -lz   >&5
configure:4412: $? = 0
configure:4421: result: yes
configure:4447: checking for library containing recv
configure:4478: gcc -o conftest  -Wall -g -O2   conftest.c -lz  >&5
configure:4478: $? = 0
configure:4495: result: none required
configure:4512: checking for bzlib.h
configure:4512: gcc -c  -Wall -g -O2  conftest.c >&5
configure:4512: $? = 0
configure:4512: result: yes
configure:4521: checking for BZ2_bzBuffToBuffCompress in -lbz2
configure:4546: gcc -o conftest  -Wall -g -O2   conftest.c -lbz2  -lz  >&5
configure:4546: $? = 0
configure:4555: result: yes
configure:4594: checking for lzma.h
configure:4594: gcc -c  -Wall -g -O2  conftest.c >&5
configure:4594: $? = 0
configure:4594: result: yes
configure:4607: checking for lzma_easy_buffer_encode in -llzma
configure:4632: gcc -o conftest  -Wall -g -O2   conftest.c -llzma  -lbz2 -lz  >&5
configure:4632: $? = 0
configure:4641: result: yes
configure:4674: checking for curl_easy_pause in -lcurl
configure:4699: gcc -o conftest  -Wall -g -O2   conftest.c -lcurl  -llzma -lbz2 -lz  >&5
configure:4699: $? = 0
configure:4708: result: yes
configure:4824: checking for CCHmac
configure:4824: gcc -o conftest  -Wall -g -O2   conftest.c -llzma -lbz2 -lz  >&5
configure:4824: $? = 0
configure:4824: result: yes
configure:4916: checking whether PTHREAD_MUTEX_RECURSIVE is declared
configure:4916: gcc -c  -Wall -g -O2  conftest.c >&5
configure:4916: $? = 0
configure:4916: result: yes
configure:5061: creating ./config.status

## ---------------------- ##
## Running config.status. ##
## ---------------------- ##

This file was extended by HTSlib config.status 1.7, which was
generated by GNU Autoconf 2.69.  Invocation command line was

  CONFIG_FILES    = 
  CONFIG_HEADERS  = 
  CONFIG_LINKS    = 
  CONFIG_COMMANDS = 
  $ ./config.status 

on dhcp-58-8.scripps.edu

config.status:830: creating config.mk
config.status:830: creating htslib.pc.tmp
config.status:830: creating config.h
config.status:1000: config.h is unchanged

## ---------------- ##
## Cache variables. ##
## ---------------- ##

ac_cv_c_compiler_gnu=yes
ac_cv_env_CC_set=
ac_cv_env_CC_value=
ac_cv_env_CFLAGS_set=
ac_cv_env_CFLAGS_value=
ac_cv_env_CPPFLAGS_set=
ac_cv_env_CPPFLAGS_value=
ac_cv_env_CPP_set=
ac_cv_env_CPP_value=
ac_cv_env_LDFLAGS_set=
ac_cv_env_LDFLAGS_value=
ac_cv_env_LIBS_set=
ac_cv_env_LIBS_value=
ac_cv_env_build_alias_set=
ac_cv_env_build_alias_value=
ac_cv_env_host_alias_set=
ac_cv_env_host_alias_value=
ac_cv_env_target_alias_set=
ac_cv_env_target_alias_value=
ac_cv_func_CCHmac=yes
ac_cv_func_drand48=yes
ac_cv_func_fsync=yes
ac_cv_func_getpagesize=yes
ac_cv_func_gmtime_r=yes
ac_cv_func_mmap_fixed_mapped=yes
ac_cv_have_decl_PTHREAD_MUTEX_RECURSIVE=yes
ac_cv_have_decl_fdatasync_int_=no
ac_cv_header_bzlib_h=yes
ac_cv_header_inttypes_h=yes
ac_cv_header_lzma_h=yes
ac_cv_header_memory_h=yes
ac_cv_header_stdc=yes
ac_cv_header_stdint_h=yes
ac_cv_header_stdlib_h=yes
ac_cv_header_string_h=yes
ac_cv_header_strings_h=yes
ac_cv_header_sys_param_h=yes
ac_cv_header_sys_stat_h=yes
ac_cv_header_sys_types_h=yes
ac_cv_header_unistd_h=yes
ac_cv_header_zlib_h=yes
ac_cv_lib_bz2_BZ2_bzBuffToBuffCompress=yes
ac_cv_lib_curl_curl_easy_pause=yes
ac_cv_lib_lzma_lzma_easy_buffer_encode=yes
ac_cv_lib_z_inflate=yes
ac_cv_objext=o
ac_cv_path_EGREP='/usr/bin/grep -E'
ac_cv_path_GREP=/usr/bin/grep
ac_cv_prog_CPP='gcc -E'
ac_cv_prog_ac_ct_CC=gcc
ac_cv_prog_ac_ct_RANLIB=ranlib
ac_cv_prog_cc_c89=
ac_cv_prog_cc_g=yes
ac_cv_search_log='none required'
ac_cv_search_recv='none required'
ac_cv_sys_file_offset_bits=no
ac_cv_sys_largefile_CC=no
ac_cv_sys_largefile_source=no
hts_cv_prog_cc_warnings=-Wall

## ----------------- ##
## Output variables. ##
## ----------------- ##

CC='gcc'
CFLAGS=' -Wall -g -O2'
CPP='gcc -E'
CPPFLAGS=''
CRYPTO_LIBS=''
DEFS='-DHAVE_CONFIG_H'
ECHO_C='\c'
ECHO_N=''
ECHO_T=''
EGREP='/usr/bin/grep -E'
EXEEXT=''
GREP='/usr/bin/grep'
LDFLAGS=''
LIBOBJS=''
LIBS='-llzma -lbz2 -lz '
LTLIBOBJS=''
OBJEXT='o'
PACKAGE_BUGREPORT='samtools-help@lists.sourceforge.net'
PACKAGE_NAME='HTSlib'
PACKAGE_STRING='HTSlib 1.7'
PACKAGE_TARNAME='htslib'
PACKAGE_URL='http://www.htslib.org/'
PACKAGE_VERSION='1.7'
PATH_SEPARATOR=':'
PLATFORM='Darwin'
PLUGIN_EXT='.bundle'
RANLIB='ranlib'
SHELL='/bin/sh'
ac_ct_CC='gcc'
bindir='${exec_prefix}/bin'
build_alias=''
datadir='${datarootdir}'
datarootdir='${prefix}/share'
docdir='${datarootdir}/doc/${PACKAGE_TARNAME}'
dvidir='${docdir}'
enable_plugins='no'
exec_prefix='${prefix}'
gcs='enabled'
host_alias='unknown-Darwin'
htmldir='${docdir}'
includedir='${prefix}/include'
infodir='${datarootdir}/info'
libcurl='enabled'
libdir='${exec_prefix}/lib'
libexecdir='${exec_prefix}/libexec'
localedir='${datarootdir}/locale'
localstatedir='${prefix}/var'
mandir='${datarootdir}/man'
oldincludedir='/usr/include'
pc_requires=' liblzma'
pdfdir='${docdir}'
plugindir='$(libexecdir)/htslib'
pluginpath='$(libexecdir)/htslib'
prefix='/usr/local'
private_LIBS=' -lbz2'
program_transform_name='s,x,x,'
psdir='${docdir}'
s3='enabled'
sbindir='${exec_prefix}/sbin'
sharedstatedir='${prefix}/com'
static_LDFLAGS=''
static_LIBS='-lz -lm -lbz2 -llzma -lcurl '
sysconfdir='${prefix}/etc'
target_alias=''

## ----------- ##
## confdefs.h. ##
## ----------- ##

/* confdefs.h */
#define PACKAGE_NAME "HTSlib"
#define PACKAGE_TARNAME "htslib"
#define PACKAGE_VERSION "1.7"
#define PACKAGE_STRING "HTSlib 1.7"
#define PACKAGE_BUGREPORT "samtools-help@lists.sourceforge.net"
#define PACKAGE_URL "http://www.htslib.org/"
#define HAVE_FSEEKO 1
#define STDC_HEADERS 1
#define HAVE_SYS_TYPES_H 1
#define HAVE_SYS_STAT_H 1
#define HAVE_STDLIB_H 1
#define HAVE_STRING_H 1
#define HAVE_MEMORY_H 1
#define HAVE_STRINGS_H 1
#define HAVE_INTTYPES_H 1
#define HAVE_STDINT_H 1
#define HAVE_UNISTD_H 1
#define HAVE_STDLIB_H 1
#define HAVE_UNISTD_H 1
#define HAVE_SYS_PARAM_H 1
#define HAVE_GETPAGESIZE 1
#define HAVE_MMAP 1
#define HAVE_GMTIME_R 1
#define HAVE_FSYNC 1
#define HAVE_DRAND48 1
#define HAVE_LIBZ 1
#define HAVE_LIBBZ2 1
#define HAVE_LZMA_H 1
#define HAVE_LIBLZMA 1
#define HAVE_LIBCURL 1
#define ENABLE_GCS 1
#define HAVE_COMMONCRYPTO 1
#define ENABLE_S3 1

configure: exit 0
